2020-54-01 06:54:25.680 [INFO] Thread-0: Ferry not full, waiting for transports...
2020-54-01 06:54:25.685 [INFO] Thread-86: Transport
2020-54-01 06:54:25.687 [INFO] Thread-89: Transport
2020-54-01 06:54:25.688 [INFO] Thread-88: Transport
2020-54-01 06:54:25.689 [INFO] Thread-94: Transport
2020-54-01 06:54:25.689 [INFO] Thread-91: Transport
2020-54-01 06:54:25.690 [INFO] Thread-45: Transport
2020-54-01 06:54:25.692 [INFO] Thread-92: Transport
2020-54-01 06:54:25.692 [INFO] Thread-87: Transport
2020-54-01 06:54:25.694 [INFO] Thread-93: Transport
2020-54-01 06:54:25.695 [INFO] Thread-85: Transport
2020-54-01 06:54:25.696 [INFO] Thread-1: Transport
2020-54-01 06:54:25.697 [INFO] Thread-95: Transport
2020-54-01 06:54:25.698 [INFO] Thread-84: Transport
2020-54-01 06:54:25.699 [INFO] Thread-96: Transport
2020-54-01 06:54:25.700 [INFO] Thread-83: Transport
2020-54-01 06:54:25.701 [INFO] Thread-98: Transport
2020-54-01 06:54:25.702 [INFO] Thread-81: Transport
2020-54-01 06:54:25.703 [INFO] Thread-19: Transport
2020-54-01 06:54:25.704 [INFO] Thread-80: Transport
2020-54-01 06:54:25.705 [INFO] Thread-97: Transport
2020-54-01 06:54:25.707 [INFO] Thread-44: Transport
2020-54-01 06:54:25.707 [INFO] Thread-79: Transport
2020-54-01 06:54:25.708 [INFO] Thread-82: Transport
2020-54-01 06:54:25.708 [INFO] Thread-58: Transport
2020-54-01 06:54:25.709 [INFO] Thread-77: Transport
2020-54-01 06:54:25.710 [INFO] Thread-49: Transport
2020-54-01 06:54:25.710 [INFO] Thread-78: Transport
2020-54-01 06:54:25.711 [INFO] Thread-51: Transport
2020-54-01 06:54:25.712 [INFO] Thread-76: Transport
2020-54-01 06:54:25.712 [INFO] Thread-72: Transport
2020-54-01 06:54:25.713 [INFO] Thread-99: Transport
2020-54-01 06:54:25.714 [INFO] Thread-73: Transport
2020-54-01 06:54:25.714 [INFO] Thread-90: Transport
2020-54-01 06:54:25.715 [INFO] Thread-100: Transport
2020-54-01 06:54:25.716 [INFO] Thread-75: Transport
2020-54-01 06:54:25.717 [INFO] Thread-74: Transport
2020-54-01 06:54:25.717 [INFO] Thread-71: Transport
2020-54-01 06:54:25.718 [INFO] Thread-70: Transport
2020-54-01 06:54:25.719 [INFO] Thread-68: Transport
2020-54-01 06:54:25.720 [INFO] Thread-67: Transport
2020-54-01 06:54:25.721 [INFO] Thread-65: Transport
2020-54-01 06:54:25.721 [INFO] Thread-69: Transport
2020-54-01 06:54:25.722 [INFO] Thread-64: Transport
2020-54-01 06:54:25.722 [INFO] Thread-66: Transport
2020-54-01 06:54:25.723 [INFO] Thread-63: Transport
2020-54-01 06:54:25.723 [INFO] Thread-62: Transport
2020-54-01 06:54:25.724 [INFO] Thread-60: Transport
2020-54-01 06:54:25.725 [INFO] Thread-61: Transport
2020-54-01 06:54:25.725 [INFO] Thread-59: Transport
2020-54-01 06:54:25.726 [INFO] Thread-57: Transport
2020-54-01 06:54:25.727 [INFO] Thread-56: Transport
2020-54-01 06:54:25.727 [INFO] Thread-55: Transport
2020-54-01 06:54:25.728 [INFO] Thread-52: Transport
2020-54-01 06:54:25.728 [INFO] Thread-53: Transport
2020-54-01 06:54:25.729 [INFO] Thread-54: Transport
2020-54-01 06:54:25.730 [INFO] Thread-50: Transport
2020-54-01 06:54:25.730 [INFO] Thread-48: Transport
2020-54-01 06:54:25.731 [INFO] Thread-46: Transport
2020-54-01 06:54:25.731 [INFO] Thread-47: Transport
2020-54-01 06:54:25.732 [INFO] Thread-43: Transport
2020-54-01 06:54:25.733 [INFO] Thread-42: Transport
2020-54-01 06:54:25.734 [INFO] Thread-41: Transport
2020-54-01 06:54:25.735 [INFO] Thread-40: Transport
2020-54-01 06:54:25.736 [INFO] Thread-39: Transport
2020-54-01 06:54:25.736 [INFO] Thread-37: Transport
2020-54-01 06:54:25.737 [INFO] Thread-38: Transport
2020-54-01 06:54:25.737 [INFO] Thread-36: Transport
2020-54-01 06:54:25.738 [INFO] Thread-35: Transport
2020-54-01 06:54:25.746 [INFO] Thread-34: Transport
2020-54-01 06:54:25.746 [INFO] Thread-33: Transport
2020-54-01 06:54:25.747 [INFO] Thread-32: Transport
2020-54-01 06:54:25.747 [INFO] Thread-30: Transport
2020-54-01 06:54:25.748 [INFO] Thread-31: Transport
2020-54-01 06:54:25.749 [INFO] Thread-29: Transport
2020-54-01 06:54:25.749 [INFO] Thread-28: Transport
2020-54-01 06:54:25.750 [INFO] Thread-26: Transport
2020-54-01 06:54:25.750 [INFO] Thread-27: Transport
2020-54-01 06:54:25.751 [INFO] Thread-24: Transport
2020-54-01 06:54:25.751 [INFO] Thread-25: Transport
2020-54-01 06:54:25.752 [INFO] Thread-22: Transport
2020-54-01 06:54:25.753 [INFO] Thread-23: Transport
2020-54-01 06:54:25.754 [INFO] Thread-20: Transport
2020-54-01 06:54:25.754 [INFO] Thread-18: Transport
2020-54-01 06:54:25.755 [INFO] Thread-21: Transport
2020-54-01 06:54:25.756 [INFO] Thread-17: Transport
2020-54-01 06:54:25.757 [INFO] Thread-16: Transport
2020-54-01 06:54:25.757 [INFO] Thread-15: Transport
2020-54-01 06:54:25.757 [INFO] Thread-12: Transport
2020-54-01 06:54:25.758 [INFO] Thread-14: Transport
2020-54-01 06:54:25.758 [INFO] Thread-13: Transport
2020-54-01 06:54:25.759 [INFO] Thread-11: Transport
2020-54-01 06:54:25.759 [INFO] Thread-10: Transport
2020-54-01 06:54:25.759 [INFO] Thread-9: Transport
2020-54-01 06:54:25.760 [INFO] Thread-7: Transport
2020-54-01 06:54:25.760 [INFO] Thread-8: Transport
2020-54-01 06:54:25.761 [INFO] Thread-6: Transport
2020-54-01 06:54:25.761 [INFO] Thread-5: Transport
2020-54-01 06:54:25.762 [INFO] Thread-2: Transport
2020-54-01 06:54:25.763 [INFO] Thread-4: Transport
2020-54-01 06:54:25.763 [INFO] Thread-3: Transport
2020-54-01 06:54:25.767 [INFO] Thread-0: Ferry not full, waiting for transports...
2020-59-01 06:59:07.768 [INFO] Thread-0: Ferry not full, waiting for transports...
2020-59-01 06:59:07.773 [INFO] Thread-98: Transport
2020-59-01 06:59:07.775 [INFO] Thread-90: Transport
2020-59-01 06:59:07.776 [INFO] Thread-60: Transport
2020-59-01 06:59:07.777 [INFO] Thread-99: Transport
2020-59-01 06:59:07.778 [INFO] Thread-63: Transport
2020-59-01 06:59:07.779 [INFO] Thread-1: Transport
2020-59-01 06:59:07.780 [INFO] Thread-86: Transport
2020-59-01 06:59:07.782 [INFO] Thread-100: Transport
2020-59-01 06:59:07.783 [INFO] Thread-97: Transport
2020-59-01 06:59:07.785 [INFO] Thread-89: Transport
2020-59-01 06:59:07.786 [INFO] Thread-96: Transport
2020-59-01 06:59:07.787 [INFO] Thread-87: Transport
2020-59-01 06:59:07.787 [INFO] Thread-94: Transport
2020-59-01 06:59:07.789 [INFO] Thread-61: Transport
2020-59-01 06:59:07.790 [INFO] Thread-95: Transport
2020-59-01 06:59:07.791 [INFO] Thread-92: Transport
2020-59-01 06:59:07.792 [INFO] Thread-93: Transport
2020-59-01 06:59:07.793 [INFO] Thread-91: Transport
2020-59-01 06:59:07.793 [INFO] Thread-88: Transport
2020-59-01 06:59:07.795 [INFO] Thread-84: Transport
2020-59-01 06:59:07.797 [INFO] Thread-85: Transport
2020-59-01 06:59:07.798 [INFO] Thread-82: Transport
2020-59-01 06:59:07.800 [INFO] Thread-83: Transport
2020-59-01 06:59:07.800 [INFO] Thread-81: Transport
2020-59-01 06:59:07.801 [INFO] Thread-79: Transport
2020-59-01 06:59:07.802 [INFO] Thread-80: Transport
2020-59-01 06:59:07.803 [INFO] Thread-78: Transport
2020-59-01 06:59:07.805 [INFO] Thread-76: Transport
2020-59-01 06:59:07.806 [INFO] Thread-77: Transport
2020-59-01 06:59:07.807 [INFO] Thread-75: Transport
2020-59-01 06:59:07.808 [INFO] Thread-74: Transport
2020-59-01 06:59:07.809 [INFO] Thread-72: Transport
2020-59-01 06:59:07.809 [INFO] Thread-73: Transport
2020-59-01 06:59:07.810 [INFO] Thread-71: Transport
2020-59-01 06:59:07.811 [INFO] Thread-70: Transport
2020-59-01 06:59:07.811 [INFO] Thread-67: Transport
2020-59-01 06:59:07.812 [INFO] Thread-69: Transport
2020-59-01 06:59:07.813 [INFO] Thread-68: Transport
2020-59-01 06:59:07.814 [INFO] Thread-65: Transport
2020-59-01 06:59:07.814 [INFO] Thread-66: Transport
2020-59-01 06:59:07.815 [INFO] Thread-64: Transport
2020-59-01 06:59:07.816 [INFO] Thread-62: Transport
2020-59-01 06:59:07.817 [INFO] Thread-59: Transport
2020-59-01 06:59:07.818 [INFO] Thread-58: Transport
2020-59-01 06:59:07.819 [INFO] Thread-57: Transport
2020-59-01 06:59:07.819 [INFO] Thread-56: Transport
2020-59-01 06:59:07.820 [INFO] Thread-55: Transport
2020-59-01 06:59:07.821 [INFO] Thread-52: Transport
2020-59-01 06:59:07.822 [INFO] Thread-53: Transport
2020-59-01 06:59:07.822 [INFO] Thread-54: Transport
2020-59-01 06:59:07.823 [INFO] Thread-51: Transport
2020-59-01 06:59:07.824 [INFO] Thread-50: Transport
2020-59-01 06:59:07.824 [INFO] Thread-49: Transport
2020-59-01 06:59:07.826 [INFO] Thread-45: Transport
2020-59-01 06:59:07.826 [INFO] Thread-48: Transport
2020-59-01 06:59:07.827 [INFO] Thread-47: Transport
2020-59-01 06:59:07.828 [INFO] Thread-46: Transport
2020-59-01 06:59:07.829 [INFO] Thread-44: Transport
2020-59-01 06:59:07.830 [INFO] Thread-43: Transport
2020-59-01 06:59:07.830 [INFO] Thread-41: Transport
2020-59-01 06:59:07.831 [INFO] Thread-42: Transport
2020-59-01 06:59:07.831 [INFO] Thread-40: Transport
2020-59-01 06:59:07.832 [INFO] Thread-39: Transport
2020-59-01 06:59:07.833 [INFO] Thread-38: Transport
2020-59-01 06:59:07.835 [INFO] Thread-37: Transport
2020-59-01 06:59:07.835 [INFO] Thread-36: Transport
2020-59-01 06:59:07.836 [INFO] Thread-35: Transport
2020-59-01 06:59:07.836 [INFO] Thread-34: Transport
2020-59-01 06:59:07.837 [INFO] Thread-32: Transport
2020-59-01 06:59:07.837 [INFO] Thread-31: Transport
2020-59-01 06:59:07.838 [INFO] Thread-33: Transport
2020-59-01 06:59:07.839 [INFO] Thread-30: Transport
2020-59-01 06:59:07.839 [INFO] Thread-28: Transport
2020-59-01 06:59:07.840 [INFO] Thread-27: Transport
2020-59-01 06:59:07.841 [INFO] Thread-29: Transport
2020-59-01 06:59:07.841 [INFO] Thread-25: Transport
2020-59-01 06:59:07.842 [INFO] Thread-24: Transport
2020-59-01 06:59:07.842 [INFO] Thread-26: Transport
2020-59-01 06:59:07.843 [INFO] Thread-23: Transport
2020-59-01 06:59:07.843 [INFO] Thread-22: Transport
2020-59-01 06:59:07.844 [INFO] Thread-20: Transport
2020-59-01 06:59:07.844 [INFO] Thread-21: Transport
2020-59-01 06:59:07.845 [INFO] Thread-19: Transport
2020-59-01 06:59:07.846 [INFO] Thread-18: Transport
2020-59-01 06:59:07.846 [INFO] Thread-17: Transport
2020-59-01 06:59:07.847 [INFO] Thread-16: Transport
2020-59-01 06:59:07.847 [INFO] Thread-15: Transport
2020-59-01 06:59:07.848 [INFO] Thread-14: Transport
2020-59-01 06:59:07.849 [INFO] Thread-12: Transport
2020-59-01 06:59:07.849 [INFO] Thread-10: Transport
2020-59-01 06:59:07.850 [INFO] Thread-13: Transport
2020-59-01 06:59:07.850 [INFO] Thread-11: Transport
2020-59-01 06:59:07.851 [INFO] Thread-9: Transport
2020-59-01 06:59:07.851 [INFO] Thread-8: Transport
2020-59-01 06:59:07.852 [INFO] Thread-7: Transport
2020-59-01 06:59:07.852 [INFO] Thread-6: Transport
2020-59-01 06:59:07.853 [INFO] Thread-5: Transport
2020-59-01 06:59:07.854 [INFO] Thread-4: Transport
2020-59-01 06:59:07.854 [INFO] Thread-3: Transport
2020-59-01 06:59:07.855 [INFO] Thread-2: Transport
2020-59-01 06:59:07.856 [INFO] Thread-0: Total size = 497
2020-59-01 06:59:07.857 [INFO] Thread-0: Total weight = 987
2020-59-01 06:59:07.857 [INFO] Thread-0: Ferry not full, waiting for transports...
2020-38-01 10:38:08.313 [INFO] Thread-83: Transport # -1719180097 added to queue
2020-38-01 10:38:08.329 [INFO] Thread-95: Transport # -1719179378 added to queue
2020-38-01 10:38:08.331 [INFO] Thread-89: Transport # -1719178865 added to queue
2020-38-01 10:38:08.332 [INFO] Thread-9: Transport # -1719180228 added to queue
2020-38-01 10:38:08.333 [INFO] Thread-10: Transport # -1719179769 added to queue
2020-38-01 10:38:08.333 [INFO] Thread-6: Transport # -1719179461 added to queue
2020-38-01 10:38:08.334 [INFO] Thread-11: Transport # -1719178678 added to queue
2020-38-01 10:38:08.336 [INFO] Thread-7: Transport # -1719180246 added to queue
2020-38-01 10:38:08.338 [INFO] Thread-12: Transport # -1719179056 added to queue
2020-38-01 10:38:08.338 [INFO] Thread-5: Transport # -1719178432 added to queue
2020-38-01 10:38:08.339 [INFO] Thread-13: Transport # -1719179355 added to queue
2020-38-01 10:38:08.341 [INFO] Thread-3: Transport # -1719179571 added to queue
2020-38-01 10:38:08.342 [INFO] Thread-14: Transport # -1719179417 added to queue
2020-38-01 10:38:08.344 [INFO] Thread-4: Transport # -1719179038 added to queue
2020-38-01 10:38:08.345 [INFO] Thread-15: Transport # -1719178393 added to queue
2020-38-01 10:38:08.346 [INFO] Thread-8: Transport # -1719179571 added to queue
2020-38-01 10:38:08.347 [INFO] Thread-2: Transport # -1719179319 added to queue
2020-38-01 10:38:08.348 [INFO] Thread-16: Transport # -1719179959 added to queue
2020-38-01 10:38:08.348 [INFO] Thread-17: Transport # -1719178383 added to queue
2020-38-01 10:38:08.349 [INFO] Thread-18: Transport # -1719179480 added to queue
2020-38-01 10:38:08.350 [INFO] Thread-21: Transport # -1719178191 added to queue
2020-38-01 10:38:08.353 [INFO] Thread-19: Transport # -1719179471 added to queue
2020-38-01 10:38:08.354 [INFO] Thread-20: Transport # -1719179121 added to queue
2020-38-01 10:38:08.355 [INFO] Thread-22: Transport # -1719179171 added to queue
2020-38-01 10:38:08.355 [INFO] Thread-23: Transport # -1719180335 added to queue
2020-38-01 10:38:08.356 [INFO] Thread-24: Transport # -1719178313 added to queue
2020-38-01 10:38:08.356 [INFO] Thread-25: Transport # -1719179397 added to queue
2020-38-01 10:38:08.357 [INFO] Thread-26: Transport # -1719179379 added to queue
2020-38-01 10:38:08.358 [INFO] Thread-27: Transport # -1719178328 added to queue
2020-38-01 10:38:08.359 [INFO] Thread-28: Transport # -1719178691 added to queue
2020-38-01 10:38:08.360 [INFO] Thread-29: Transport # -1719179217 added to queue
2020-38-01 10:38:08.360 [INFO] Thread-30: Transport # -1719179300 added to queue
2020-38-01 10:38:08.361 [INFO] Thread-31: Transport # -1719179857 added to queue
2020-38-01 10:38:08.361 [INFO] Thread-32: Transport # -1719179859 added to queue
2020-38-01 10:38:08.362 [INFO] Thread-33: Transport # -1719179347 added to queue
2020-38-01 10:38:08.362 [INFO] Thread-35: Transport # -1719179707 added to queue
2020-38-01 10:38:08.363 [INFO] Thread-34: Transport # -1719179060 added to queue
2020-38-01 10:38:08.363 [INFO] Thread-36: Transport # -1719179390 added to queue
2020-38-01 10:38:08.364 [INFO] Thread-37: Transport # -1719179947 added to queue
2020-38-01 10:38:08.365 [INFO] Thread-38: Transport # -1719178602 added to queue
2020-38-01 10:38:08.366 [INFO] Thread-39: Transport # -1719179800 added to queue
2020-38-01 10:38:08.367 [INFO] Thread-40: Transport # -1719179053 added to queue
2020-38-01 10:38:08.367 [INFO] Thread-42: Transport # -1719179061 added to queue
2020-38-01 10:38:08.368 [INFO] Thread-41: Transport # -1719179865 added to queue
2020-38-01 10:38:08.369 [INFO] Thread-43: Transport # -1719178273 added to queue
2020-38-01 10:38:08.369 [INFO] Thread-44: Transport # -1719179083 added to queue
2020-38-01 10:38:08.370 [INFO] Thread-45: Transport # -1719179736 added to queue
2020-38-01 10:38:08.370 [INFO] Thread-46: Transport # -1719179273 added to queue
2020-38-01 10:38:08.371 [INFO] Thread-48: Transport # -1719178855 added to queue
2020-38-01 10:38:08.372 [INFO] Thread-49: Transport # -1719179572 added to queue
2020-38-01 10:38:08.372 [INFO] Thread-1: Transport # -1719179451 added to queue
2020-38-01 10:38:08.373 [INFO] Thread-75: Transport # -1719180155 added to queue
2020-38-01 10:38:08.374 [INFO] Thread-47: Transport # -1719178650 added to queue
2020-38-01 10:38:08.374 [INFO] Thread-50: Transport # -1719179307 added to queue
2020-38-01 10:38:08.375 [INFO] Thread-51: Transport # -1719180190 added to queue
2020-38-01 10:38:08.375 [INFO] Thread-53: Transport # -1719179418 added to queue
2020-38-01 10:38:08.376 [INFO] Thread-52: Transport # -1719178276 added to queue
2020-38-01 10:38:08.377 [INFO] Thread-55: Transport # -1719179764 added to queue
2020-38-01 10:38:08.377 [INFO] Thread-54: Transport # -1719179201 added to queue
2020-38-01 10:38:08.378 [INFO] Thread-56: Transport # -1719179026 added to queue
2020-38-01 10:38:08.378 [INFO] Thread-57: Transport # -1719179623 added to queue
2020-38-01 10:38:08.379 [INFO] Thread-58: Transport # -1719180324 added to queue
2020-38-01 10:38:08.380 [INFO] Thread-59: Transport # -1719179435 added to queue
2020-38-01 10:38:08.381 [INFO] Thread-60: Transport # -1719179654 added to queue
2020-38-01 10:38:08.383 [INFO] Thread-61: Transport # -1719179668 added to queue
2020-38-01 10:38:08.384 [INFO] Thread-62: Transport # -1719180119 added to queue
2020-38-01 10:38:08.384 [INFO] Thread-64: Transport # -1719179406 added to queue
2020-38-01 10:38:08.385 [INFO] Thread-65: Transport # -1719178482 added to queue
2020-38-01 10:38:08.386 [INFO] Thread-67: Transport # -1719179857 added to queue
2020-38-01 10:38:08.386 [INFO] Thread-63: Transport # -1719179505 added to queue
2020-38-01 10:38:08.388 [INFO] Thread-66: Transport # -1719178748 added to queue
2020-38-01 10:38:08.389 [INFO] Thread-68: Transport # -1719178533 added to queue
2020-38-01 10:38:08.390 [INFO] Thread-69: Transport # -1719180223 added to queue
2020-38-01 10:38:08.390 [INFO] Thread-70: Transport # -1719178878 added to queue
2020-38-01 10:38:08.392 [INFO] Thread-88: Transport # -1719178924 added to queue
2020-38-01 10:38:08.392 [INFO] Thread-71: Transport # -1719178331 added to queue
2020-38-01 10:38:08.393 [INFO] Thread-87: Transport # -1719178232 added to queue
2020-38-01 10:38:08.394 [INFO] Thread-72: Transport # -1719179161 added to queue
2020-38-01 10:38:08.395 [INFO] Thread-91: Transport # -1719178244 added to queue
2020-38-01 10:38:08.395 [INFO] Thread-73: Transport # -1719178489 added to queue
2020-38-01 10:38:08.396 [INFO] Thread-90: Transport # -1719180039 added to queue
2020-38-01 10:38:08.397 [INFO] Thread-74: Transport # -1719178567 added to queue
2020-38-01 10:38:08.397 [INFO] Thread-92: Transport # -1719178677 added to queue
2020-38-01 10:38:08.398 [INFO] Thread-76: Transport # -1719179274 added to queue
2020-38-01 10:38:08.399 [INFO] Thread-86: Transport # -1719178300 added to queue
2020-38-01 10:38:08.401 [INFO] Thread-78: Transport # -1719180340 added to queue
2020-38-01 10:38:08.402 [INFO] Thread-93: Transport # -1719179998 added to queue
2020-38-01 10:38:08.403 [INFO] Thread-77: Transport # -1719178345 added to queue
2020-38-01 10:38:08.404 [INFO] Thread-85: Transport # -1719180169 added to queue
2020-38-01 10:38:08.404 [INFO] Thread-79: Transport # -1719178289 added to queue
2020-38-01 10:38:08.405 [INFO] Thread-100: Transport # -1719179429 added to queue
2020-38-01 10:38:08.405 [INFO] Thread-94: Transport # -1719178976 added to queue
2020-38-01 10:38:08.405 [INFO] Thread-97: Transport # -1719179131 added to queue
2020-38-01 10:38:08.406 [INFO] Thread-80: Transport # -1719180139 added to queue
2020-38-01 10:38:08.407 [INFO] Thread-99: Transport # -1719180230 added to queue
2020-38-01 10:38:08.407 [INFO] Thread-84: Transport # -1719178452 added to queue
2020-38-01 10:38:08.410 [INFO] Thread-81: Transport # -1719179493 added to queue
2020-38-01 10:38:08.411 [INFO] Thread-98: Transport # -1719178721 added to queue
2020-38-01 10:38:08.411 [INFO] Thread-96: Transport # -1719179530 added to queue
2020-38-01 10:38:08.412 [INFO] Thread-82: Transport # -1719178879 added to queue
2020-38-01 10:38:08.413 [INFO] Thread-0: Total size = 452
2020-38-01 10:38:08.414 [INFO] Thread-0: Total weight = 938
2020-38-01 10:38:08.414 [INFO] Thread-0: Ferry not full, waiting for transports...
